<?xml version="1.0" encoding="UTF-8"?>
<!-- Generated by org.testng.reporters.JUnitReportReporter -->
<testsuite hostname="DESKTOP-KJCMKC1" failures="0" tests="2" name="arihantHighlevelInterview.Tests.scheduleTests" time="111.615" errors="0" timestamp="2023-12-21T21:24:04 IST" skipped="0">
  <testcase classname="arihantHighlevelInterview.Tests.scheduleTests" name="scheduleMeeting" time="81.459"/>
  <testcase classname="arihantHighlevelInterview.Tests.scheduleTests" name="priorityCheck" time="30.156"/>
</testsuite> <!-- arihantHighlevelInterview.Tests.scheduleTests -->
